RUN	computerdatabase.ComputerDatabaseSimulation	computerdatabasesimulation	1687371569845	 	3.9.5
USER	Admins	START	1687371571428
USER	Users	START	1687371571428
USER	Users	START	1687371572397
REQUEST		Home	1687371571424	1687371572608	OK	 
REQUEST		Home	1687371571424	1687371572608	OK	 
REQUEST		Home Redirect 1	1687371572614	1687371572787	OK	 
REQUEST		Home Redirect 1	1687371572614	1687371572787	OK	 
USER	Users	START	1687371573399
REQUEST		Home	1687371572395	1687371573579	OK	 
REQUEST		Home Redirect 1	1687371573580	1687371573750	OK	 
REQUEST		Search	1687371573807	1687371573991	OK	 
REQUEST		Search	1687371573807	1687371573991	OK	 
USER	Users	START	1687371574391
REQUEST		Home	1687371573396	1687371574506	OK	 
REQUEST		Home Redirect 1	1687371574507	1687371574672	OK	 
REQUEST		Search	1687371574752	1687371574905	OK	 
REQUEST		Home	1687371574389	1687371575090	OK	 
REQUEST		Select	1687371575104	1687371575294	OK	 
REQUEST		Home Redirect 1	1687371575091	1687371575297	OK	 
USER	Users	START	1687371575389
REQUEST		Select	1687371575104	1687371575608	OK	 
REQUEST		Search	1687371575675	1687371575835	OK	 
REQUEST		Select	1687371575916	1687371576068	OK	 
USER	Admins	START	1687371576391
USER	Users	START	1687371576391
REQUEST		Page 0	1687371576305	1687371576466	OK	 
REQUEST		Search	1687371576299	1687371576474	OK	 
REQUEST		Home	1687371575388	1687371576514	OK	 
REQUEST		Home Redirect 1	1687371576515	1687371576693	OK	 
REQUEST		Page 0	1687371576610	1687371576777	OK	 
REQUEST		Select	1687371576843	1687371577037	OK	 
REQUEST		Page 0	1687371577071	1687371577241	OK	 
USER	Users	START	1687371577390
REQUEST		Home	1687371576389	1687371577506	OK	 
REQUEST		Home	1687371576389	1687371577506	OK	 
REQUEST		Page 1	1687371577472	1687371577650	OK	 
REQUEST		Select	1687371577481	1687371577654	OK	 
REQUEST		Home Redirect 1	1687371577507	1687371577668	OK	 
REQUEST		Home Redirect 1	1687371577507	1687371577668	OK	 
REQUEST		Search	1687371577695	1687371577861	OK	 
REQUEST		Page 1	1687371577779	1687371577938	OK	 
REQUEST		Page 0	1687371578038	1687371578250	OK	 
USER	Users	START	1687371578390
REQUEST		Page 1	1687371578243	1687371578397	OK	 
REQUEST		Home	1687371577389	1687371578571	OK	 
REQUEST		Home Redirect 1	1687371578572	1687371578728	OK	 
REQUEST		Page 2	1687371578652	1687371578812	OK	 
REQUEST		Page 0	1687371578656	1687371578824	OK	 
REQUEST		Search	1687371578670	1687371578823	OK	 
REQUEST		Search	1687371578670	1687371578825	OK	 
REQUEST		Select	1687371578866	1687371579031	OK	 
REQUEST		Page 2	1687371578940	1687371579098	OK	 
USER	Users	START	1687371579390
REQUEST		Page 1	1687371579252	1687371579412	OK	 
REQUEST		Home	1687371578389	1687371579507	OK	 
REQUEST		Page 2	1687371579399	1687371579549	OK	 
REQUEST		Home Redirect 1	1687371579508	1687371579669	OK	 
REQUEST		Search	1687371579731	1687371579882	OK	 
REQUEST		Page 3	1687371579814	1687371579975	OK	 
REQUEST		Select	1687371579827	1687371579981	OK	 
REQUEST		Select	1687371579829	1687371579983	OK	 
REQUEST		Page 1	1687371579826	1687371579994	OK	 
REQUEST		Page 0	1687371580033	1687371580198	OK	 
REQUEST		Page 3	1687371580100	1687371580258	OK	 
USER	Users	START	1687371580390
REQUEST		Home	1687371579389	1687371580554	OK	 
REQUEST		Page 2	1687371580413	1687371580573	OK	 
REQUEST		Page 3	1687371580550	1687371580706	OK	 
REQUEST		Home Redirect 1	1687371580555	1687371580723	OK	 
REQUEST		Search	1687371580672	1687371580895	OK	 
REQUEST		Select	1687371580886	1687371581038	OK	 
REQUEST		Home	1687371580389	1687371581045	OK	 
REQUEST		Form	1687371580977	1687371581133	OK	 
REQUEST		Page 0	1687371580983	1687371581134	OK	 
REQUEST		Page 0	1687371580984	1687371581138	OK	 
REQUEST		Page 2	1687371580997	1687371581164	OK	 
REQUEST		Home Redirect 1	1687371581046	1687371581203	OK	 
USER	Users	END	1687371581268
REQUEST		Page 1	1687371581201	1687371581366	OK	 
USER	Users	END	1687371581708
REQUEST		Page 3	1687371581575	1687371581737	OK	 
REQUEST		Search	1687371581726	1687371581905	OK	 
REQUEST		Select	1687371581899	1687371582056	OK	 
REQUEST		Page 0	1687371582040	1687371582191	OK	 
REQUEST		Page 1	1687371582136	1687371582288	OK	 
REQUEST		Page 1	1687371582139	1687371582294	OK	 
REQUEST		Post	1687371582143	1687371582300	OK	 
REQUEST		Page 3	1687371582167	1687371582334	OK	 
REQUEST		Search	1687371582205	1687371582357	OK	 
REQUEST		Post Redirect 1	1687371582317	1687371582472	OK	 
USER	Admins	END	1687371582476
REQUEST		Page 2	1687371582369	1687371582533	OK	 
USER	Users	END	1687371582740
REQUEST		Select	1687371582909	1687371583067	OK	 
REQUEST		Page 0	1687371583059	1687371583215	OK	 
USER	Users	END	1687371583337
REQUEST		Page 1	1687371583193	1687371583343	OK	 
REQUEST		Page 2	1687371583290	1687371583442	OK	 
REQUEST		Page 2	1687371583296	1687371583451	OK	 
REQUEST		Select	1687371583360	1687371583512	OK	 
REQUEST		Page 3	1687371583534	1687371583698	OK	 
REQUEST		Page 0	1687371584069	1687371584227	OK	 
REQUEST		Page 1	1687371584218	1687371584375	OK	 
REQUEST		Page 2	1687371584346	1687371584497	OK	 
REQUEST		Page 3	1687371584443	1687371584597	OK	 
REQUEST		Page 3	1687371584452	1687371584607	OK	 
REQUEST		Page 0	1687371584513	1687371584666	OK	 
USER	Users	END	1687371584701
REQUEST		Page 1	1687371585229	1687371585388	OK	 
REQUEST		Page 2	1687371585377	1687371585534	OK	 
USER	Users	END	1687371585610
REQUEST		Page 3	1687371585499	1687371585651	OK	 
REQUEST		Form	1687371585598	1687371585747	OK	 
REQUEST		Page 1	1687371585668	1687371585820	OK	 
REQUEST		Page 2	1687371586391	1687371586548	OK	 
USER	Users	END	1687371586655
REQUEST		Page 3	1687371586535	1687371586691	OK	 
REQUEST		Post	1687371586748	1687371586895	OK	 
REQUEST		Page 2	1687371586822	1687371586975	OK	 
REQUEST		Post Redirect 1	1687371586896	1687371587045	OK	 
USER	Admins	END	1687371587047
USER	Users	END	1687371587694
REQUEST		Page 3	1687371587550	1687371587710	OK	 
REQUEST		Page 3	1687371587977	1687371588197	OK	 
USER	Users	END	1687371588713
USER	Users	END	1687371589200
