RUN	computerdatabase.ComputerDatabaseSimulation	computerdatabasesimulation	1687371980012	 	3.9.5
USER	Users	START	1687371981608
USER	Admins	START	1687371981609
USER	Users	START	1687371982573
REQUEST		Home	1687371981604	1687371982651	OK	 
REQUEST		Home	1687371981604	1687371982651	OK	 
REQUEST		Home Redirect 1	1687371982666	1687371982851	OK	 
REQUEST		Home Redirect 1	1687371982666	1687371982851	OK	 
USER	Users	START	1687371983574
REQUEST		Home	1687371982571	1687371983643	OK	 
REQUEST		Home Redirect 1	1687371983644	1687371983799	OK	 
REQUEST		Search	1687371983880	1687371984083	OK	 
REQUEST		Search	1687371983880	1687371984083	OK	 
USER	Users	START	1687371984566
REQUEST		Home	1687371983573	1687371984643	OK	 
REQUEST		Home Redirect 1	1687371984644	1687371984799	OK	 
REQUEST		Search	1687371984801	1687371984953	OK	 
REQUEST		Home	1687371984564	1687371985272	OK	 
REQUEST		Select	1687371985195	1687371985349	OK	 
REQUEST		Select	1687371985195	1687371985358	OK	 
REQUEST		Home Redirect 1	1687371985273	1687371985448	OK	 
USER	Users	START	1687371985567
REQUEST		Search	1687371985801	1687371985973	OK	 
REQUEST		Select	1687371985966	1687371986131	OK	 
REQUEST		Home	1687371985565	1687371986333	OK	 
REQUEST		Home Redirect 1	1687371986334	1687371986508	OK	 
REQUEST		Page 0	1687371986358	1687371986512	OK	 
REQUEST		Page 0	1687371986360	1687371986523	OK	 
USER	Admins	START	1687371986565
USER	Users	START	1687371986565
REQUEST		Search	1687371986450	1687371986617	OK	 
REQUEST		Select	1687371986981	1687371987141	OK	 
REQUEST		Page 0	1687371987134	1687371987360	OK	 
USER	Users	START	1687371987565
REQUEST		Home	1687371986563	1687371987651	OK	 
REQUEST		Home	1687371986564	1687371987653	OK	 
REQUEST		Page 1	1687371987516	1687371987670	OK	 
REQUEST		Search	1687371987510	1687371987674	OK	 
REQUEST		Page 1	1687371987525	1687371987687	OK	 
REQUEST		Select	1687371987624	1687371987789	OK	 
REQUEST		Home Redirect 1	1687371987652	1687371987822	OK	 
REQUEST		Home Redirect 1	1687371987654	1687371987827	OK	 
REQUEST		Page 0	1687371988143	1687371988293	OK	 
USER	Users	START	1687371988566
REQUEST		Page 1	1687371988363	1687371988571	OK	 
REQUEST		Home	1687371987564	1687371988653	OK	 
REQUEST		Home Redirect 1	1687371988654	1687371988821	OK	 
REQUEST		Page 2	1687371988672	1687371988825	OK	 
REQUEST		Select	1687371988678	1687371988841	OK	 
REQUEST		Page 2	1687371988689	1687371988852	OK	 
REQUEST		Page 0	1687371988791	1687371988955	OK	 
REQUEST		Search	1687371988824	1687371988988	OK	 
REQUEST		Search	1687371988829	1687371988996	OK	 
REQUEST		Page 1	1687371989295	1687371989508	OK	 
USER	Users	START	1687371989566
REQUEST		Home	1687371988564	1687371989646	OK	 
REQUEST		Page 2	1687371989573	1687371989722	OK	 
REQUEST		Home Redirect 1	1687371989647	1687371989812	OK	 
REQUEST		Page 3	1687371989827	1687371989980	OK	 
REQUEST		Search	1687371989823	1687371989985	OK	 
REQUEST		Page 0	1687371989843	1687371990006	OK	 
REQUEST		Page 3	1687371989854	1687371990016	OK	 
REQUEST		Page 1	1687371989957	1687371990226	OK	 
REQUEST		Select	1687371989999	1687371990226	OK	 
REQUEST		Select	1687371989992	1687371990227	OK	 
USER	Users	START	1687371990565
REQUEST		Home	1687371989564	1687371990645	OK	 
REQUEST		Page 2	1687371990510	1687371990663	OK	 
REQUEST		Home Redirect 1	1687371990646	1687371990808	OK	 
REQUEST		Page 3	1687371990724	1687371990871	OK	 
REQUEST		Search	1687371990815	1687371990974	OK	 
USER	Users	END	1687371990986
REQUEST		Select	1687371990990	1687371991152	OK	 
REQUEST		Page 1	1687371991007	1687371991170	OK	 
REQUEST		Form	1687371991018	1687371991176	OK	 
REQUEST		Page 2	1687371991228	1687371991455	OK	 
REQUEST		Page 0	1687371991228	1687371991455	OK	 
REQUEST		Page 0	1687371991228	1687371991456	OK	 
REQUEST		Home	1687371990564	1687371991658	OK	 
REQUEST		Page 3	1687371991664	1687371991813	OK	 
REQUEST		Home Redirect 1	1687371991659	1687371991826	OK	 
USER	Users	END	1687371991873
REQUEST		Search	1687371991811	1687371991968	OK	 
REQUEST		Select	1687371991978	1687371992158	OK	 
REQUEST		Page 0	1687371992154	1687371992375	OK	 
REQUEST		Page 2	1687371992171	1687371992376	OK	 
REQUEST		Post	1687371992186	1687371992375	OK	 
REQUEST		Post Redirect 1	1687371992388	1687371992546	OK	 
USER	Admins	END	1687371992550
REQUEST		Page 3	1687371992457	1687371992621	OK	 
REQUEST		Page 1	1687371992457	1687371992621	OK	 
REQUEST		Page 1	1687371992457	1687371992625	OK	 
USER	Users	END	1687371992815
REQUEST		Search	1687371992828	1687371992991	OK	 
REQUEST		Select	1687371992972	1687371993129	OK	 
REQUEST		Page 0	1687371993160	1687371993319	OK	 
REQUEST		Page 1	1687371993377	1687371993539	OK	 
REQUEST		Page 3	1687371993377	1687371993541	OK	 
USER	Users	END	1687371993623
REQUEST		Page 2	1687371993623	1687371993810	OK	 
REQUEST		Page 2	1687371993627	1687371993811	OK	 
REQUEST		Select	1687371993995	1687371994160	OK	 
REQUEST		Page 0	1687371994131	1687371994324	OK	 
REQUEST		Page 1	1687371994321	1687371994482	OK	 
USER	Users	END	1687371994543
REQUEST		Page 2	1687371994541	1687371994703	OK	 
REQUEST		Page 3	1687371994812	1687371994975	OK	 
REQUEST		Page 3	1687371994812	1687371994979	OK	 
REQUEST		Page 0	1687371995161	1687371995330	OK	 
REQUEST		Page 1	1687371995326	1687371995491	OK	 
REQUEST		Page 2	1687371995484	1687371995652	OK	 
REQUEST		Page 3	1687371995705	1687371995960	OK	 
USER	Users	END	1687371995981
REQUEST		Form	1687371995977	1687371996164	OK	 
REQUEST		Page 1	1687371996332	1687371996498	OK	 
REQUEST		Page 2	1687371996493	1687371996652	OK	 
REQUEST		Page 3	1687371996654	1687371996815	OK	 
USER	Users	END	1687371996963
REQUEST		Post	1687371997166	1687371997393	OK	 
REQUEST		Post Redirect 1	1687371997394	1687371997554	OK	 
USER	Admins	END	1687371997556
REQUEST		Page 2	1687371997500	1687371997665	OK	 
REQUEST		Page 3	1687371997654	1687371997811	OK	 
USER	Users	END	1687371997817
USER	Users	END	1687371998814
REQUEST		Page 3	1687371998666	1687371998829	OK	 
USER	Users	END	1687371999831
