2023.06.21 15:38:08 INFO  Started: Metals version 0.11.12 in workspace '/home/orlandotome/Projetos/Gatling' for client Visual Studio Code 1.79.1.
jun 21, 2023 3:38:08 PM org.flywaydb.core.internal.license.VersionPrinter printVersionOnly
INFORMAÇÕES: Flyway Community Edition 9.16.3 by Redgate
jun 21, 2023 3:38:08 PM org.flywaydb.core.internal.license.VersionPrinter printVersion
INFORMAÇÕES: See release notes here: https://rd.gt/416ObMi
jun 21, 2023 3:38:08 PM org.flywaydb.core.internal.license.VersionPrinter printVersion
INFORMAÇÕES: 
jun 21, 2023 3:38:08 PM org.flywaydb.core.internal.database.base.BaseDatabaseType createDatabase
INFORMAÇÕES: Database: jdbc:h2:file:/home/orlandotome/Projetos/Gatling/.metals/metals (H2 2.1)
jun 21, 2023 3:38:08 PM org.flywaydb.core.internal.schemahistory.JdbcTableSchemaHistory allAppliedMigrations
INFORMAÇÕES: Schema history table "PUBLIC"."flyway_schema_history" does not exist yet
jun 21, 2023 3:38:08 PM org.flywaydb.core.internal.command.DbValidate validate
INFORMAÇÕES: Successfully validated 4 migrations (execution time 00:00.018s)
jun 21, 2023 3:38:08 PM org.flywaydb.core.internal.schemahistory.JdbcTableSchemaHistory create
INFORMAÇÕES: Creating Schema History table "PUBLIC"."flyway_schema_history" ...
jun 21, 2023 3:38:08 PM org.flywaydb.core.internal.command.DbMigrate migrateGroup
INFORMAÇÕES: Current version of schema "PUBLIC": << Empty Schema >>
jun 21, 2023 3:38:08 PM org.flywaydb.core.internal.command.DbMigrate doMigrateGroup
INFORMAÇÕES: Migrating schema "PUBLIC" to version "1 - Create tables"
jun 21, 2023 3:38:08 PM org.flywaydb.core.internal.command.DbMigrate doMigrateGroup
INFORMAÇÕES: Migrating schema "PUBLIC" to version "2 - Server discovery"
jun 21, 2023 3:38:08 PM org.flywaydb.core.internal.command.DbMigrate doMigrateGroup
INFORMAÇÕES: Migrating schema "PUBLIC" to version "3 - Jar symbols"
jun 21, 2023 3:38:08 PM org.flywaydb.core.internal.command.DbMigrate doMigrateGroup
INFORMAÇÕES: Migrating schema "PUBLIC" to version "4 - Fingerprints"
jun 21, 2023 3:38:09 PM org.flywaydb.core.internal.command.DbMigrate logSummary
INFORMAÇÕES: Successfully applied 4 migrations to schema "PUBLIC", now at version v4 (execution time 00:00.067s)
2023.06.21 15:38:09 INFO  time: initialize in 0.64s
2023.06.21 15:38:10 WARN  Build server is not auto-connectable.
