RUN	simulations.CompraDePassagemAerea	compradepassagemaerea	1687372262814	 	3.9.5
ERROR	Post flight confirmation: Failed to build request: Resource bodies/postConfirmation.json not found 	1687372265146
ERROR	Post flight confirmation: Failed to build request: Resource bodies/postConfirmation.json not found 	1687372265146
ERROR	Post flight confirmation: Failed to build request: Resource bodies/postConfirmation.json not found 	1687372265146
ERROR	Post flight confirmation: Failed to build request: Resource bodies/postConfirmation.json not found 	1687372265146
ERROR	Post flight confirmation: Failed to build request: Resource bodies/postConfirmation.json not found 	1687372265146
ERROR	Post flight confirmation: Failed to build request: Resource bodies/postConfirmation.json not found 	1687372265146
ERROR	Post flight confirmation: Failed to build request: Resource bodies/postConfirmation.json not found 	1687372265146
ERROR	Post flight confirmation: Failed to build request: Resource bodies/postConfirmation.json not found 	1687372265147
ERROR	Post flight confirmation: Failed to build request: Resource bodies/postConfirmation.json not found 	1687372265147
ERROR	Post flight confirmation: Failed to build request: Resource bodies/postConfirmation.json not found 	1687372265147
ERROR	Post flight confirmation: Failed to build request: Resource bodies/postConfirmation.json not found 	1687372265146
ERROR	Post flight confirmation: Failed to build request: Resource bodies/postConfirmation.json not found 	1687372265147
ERROR	Post flight confirmation: Failed to build request: Resource bodies/postConfirmation.json not found 	1687372265146
ERROR	Post flight confirmation: Failed to build request: Resource bodies/postConfirmation.json not found 	1687372265146
ERROR	Post flight confirmation: Failed to build request: Resource bodies/postConfirmation.json not found 	1687372265146
ERROR	Post flight confirmation: Failed to build request: Resource bodies/postConfirmation.json not found 	1687372265146
USER	Select Destiny	START	1687372265155
USER	Select Destiny	START	1687372265155
USER	Select Destiny	START	1687372265155
USER	Select Destiny	END	1687372265155
ERROR	Post flight confirmation: Failed to build request: Resource bodies/postConfirmation.json not found 	1687372265156
USER	Select Destiny	START	1687372265156
USER	Select Destiny	END	1687372265156
USER	Select Destiny	END	1687372265156
USER	Select Destiny	START	1687372265156
USER	Select Destiny	END	1687372265156
ERROR	Post flight confirmation: Failed to build request: Resource bodies/postConfirmation.json not found 	1687372265156
USER	Select Destiny	END	1687372265157
USER	Select Destiny	END	1687372265157
USER	Select Destiny	START	1687372265157
USER	Select Destiny	END	1687372265157
USER	Select Destiny	END	1687372265157
ERROR	Post flight confirmation: Failed to build request: Resource bodies/postConfirmation.json not found 	1687372265157
ERROR	Post flight confirmation: Failed to build request: Resource bodies/postConfirmation.json not found 	1687372265157
USER	Select Destiny	END	1687372265158
USER	Select Destiny	START	1687372265158
USER	Select Destiny	END	1687372265158
ERROR	Post flight confirmation: Failed to build request: Resource bodies/postConfirmation.json not found 	1687372265159
USER	Select Destiny	START	1687372265159
USER	Select Destiny	END	1687372265159
USER	Select Destiny	START	1687372265157
USER	Select Destiny	START	1687372265159
USER	Select Destiny	END	1687372265159
USER	Select Destiny	START	1687372265159
ERROR	Post flight confirmation: Failed to build request: Resource bodies/postConfirmation.json not found 	1687372265159
USER	Select Destiny	END	1687372265159
ERROR	Post flight confirmation: Failed to build request: Resource bodies/postConfirmation.json not found 	1687372265160
ERROR	Post flight confirmation: Failed to build request: Resource bodies/postConfirmation.json not found 	1687372265159
USER	Select Destiny	START	1687372265160
ERROR	Post flight confirmation: Failed to build request: Resource bodies/postConfirmation.json not found 	1687372265160
USER	Select Destiny	END	1687372265160
USER	Select Destiny	START	1687372265160
USER	Select Destiny	END	1687372265160
ERROR	Post flight confirmation: Failed to build request: Resource bodies/postConfirmation.json not found 	1687372265160
USER	Select Destiny	START	1687372265160
ERROR	Post flight confirmation: Failed to build request: Resource bodies/postConfirmation.json not found 	1687372265160
USER	Select Destiny	END	1687372265160
USER	Select Destiny	START	1687372265161
USER	Select Destiny	END	1687372265161
ERROR	Post flight confirmation: Failed to build request: Resource bodies/postConfirmation.json not found 	1687372265161
USER	Select Destiny	START	1687372265161
USER	Select Destiny	END	1687372265161
ERROR	Post flight confirmation: Failed to build request: Resource bodies/postConfirmation.json not found 	1687372265161
ERROR	Post flight confirmation: Failed to build request: Resource bodies/postConfirmation.json not found 	1687372265161
USER	Select Destiny	START	1687372265161
USER	Select Destiny	END	1687372265161
USER	Select Destiny	START	1687372265161
USER	Select Destiny	END	1687372265162
USER	Select Destiny	START	1687372265162
ERROR	Post flight confirmation: Failed to build request: Resource bodies/postConfirmation.json not found 	1687372265162
USER	Select Destiny	END	1687372265162
ERROR	Post flight confirmation: Failed to build request: Resource bodies/postConfirmation.json not found 	1687372265162
ERROR	Post flight confirmation: Failed to build request: Resource bodies/postConfirmation.json not found 	1687372265162
USER	Select Destiny	START	1687372265162
USER	Select Destiny	END	1687372265162
USER	Select Destiny	START	1687372265162
USER	Select Destiny	START	1687372265163
USER	Select Destiny	END	1687372265163
ERROR	Post flight confirmation: Failed to build request: Resource bodies/postConfirmation.json not found 	1687372265163
USER	Select Destiny	START	1687372265163
ERROR	Post flight confirmation: Failed to build request: Resource bodies/postConfirmation.json not found 	1687372265163
USER	Select Destiny	END	1687372265163
ERROR	Post flight confirmation: Failed to build request: Resource bodies/postConfirmation.json not found 	1687372265163
ERROR	Post flight confirmation: Failed to build request: Resource bodies/postConfirmation.json not found 	1687372265163
USER	Select Destiny	END	1687372265163
USER	Select Destiny	START	1687372265163
USER	Select Destiny	START	1687372265163
USER	Select Destiny	START	1687372265158
USER	Select Destiny	END	1687372265163
USER	Select Destiny	START	1687372265164
ERROR	Post flight confirmation: Failed to build request: Resource bodies/postConfirmation.json not found 	1687372265164
USER	Select Destiny	END	1687372265164
USER	Select Destiny	START	1687372265164
ERROR	Post flight confirmation: Failed to build request: Resource bodies/postConfirmation.json not found 	1687372265164
USER	Select Destiny	END	1687372265164
USER	Select Destiny	START	1687372265164
ERROR	Post flight confirmation: Failed to build request: Resource bodies/postConfirmation.json not found 	1687372265164
ERROR	Post flight confirmation: Failed to build request: Resource bodies/postConfirmation.json not found 	1687372265164
USER	Select Destiny	START	1687372265164
ERROR	Post flight confirmation: Failed to build request: Resource bodies/postConfirmation.json not found 	1687372265164
ERROR	Post flight confirmation: Failed to build request: Resource bodies/postConfirmation.json not found 	1687372265164
USER	Select Destiny	START	1687372265165
ERROR	Post flight confirmation: Failed to build request: Resource bodies/postConfirmation.json not found 	1687372265165
USER	Select Destiny	START	1687372265165
USER	Select Destiny	START	1687372265165
ERROR	Post flight confirmation: Failed to build request: Resource bodies/postConfirmation.json not found 	1687372265165
ERROR	Post flight confirmation: Failed to build request: Resource bodies/postConfirmation.json not found 	1687372265165
USER	Select Destiny	START	1687372265165
ERROR	Post flight confirmation: Failed to build request: Resource bodies/postConfirmation.json not found 	1687372265165
USER	Select Destiny	END	1687372265165
ERROR	Post flight confirmation: Failed to build request: Resource bodies/postConfirmation.json not found 	1687372265166
USER	Select Destiny	START	1687372265166
USER	Select Destiny	START	1687372265166
USER	Select Destiny	START	1687372265166
ERROR	Post flight confirmation: Failed to build request: Resource bodies/postConfirmation.json not found 	1687372265166
ERROR	Post flight confirmation: Failed to build request: Resource bodies/postConfirmation.json not found 	1687372265166
ERROR	Post flight confirmation: Failed to build request: Resource bodies/postConfirmation.json not found 	1687372265166
USER	Select Destiny	START	1687372265166
ERROR	Post flight confirmation: Failed to build request: Resource bodies/postConfirmation.json not found 	1687372265166
USER	Select Destiny	START	1687372265166
ERROR	Post flight confirmation: Failed to build request: Resource bodies/postConfirmation.json not found 	1687372265167
USER	Select Destiny	START	1687372265167
ERROR	Post flight confirmation: Failed to build request: Resource bodies/postConfirmation.json not found 	1687372265167
ERROR	Post flight confirmation: Failed to build request: Resource bodies/postConfirmation.json not found 	1687372265167
USER	Select Destiny	START	1687372265167
USER	Select Destiny	START	1687372265167
ERROR	Post flight confirmation: Failed to build request: Resource bodies/postConfirmation.json not found 	1687372265168
ERROR	Post flight confirmation: Failed to build request: Resource bodies/postConfirmation.json not found 	1687372265168
USER	Select Destiny	START	1687372265168
USER	Select Destiny	START	1687372265168
USER	Select Destiny	START	1687372265168
ERROR	Post flight confirmation: Failed to build request: Resource bodies/postConfirmation.json not found 	1687372265169
ERROR	Post flight confirmation: Failed to build request: Resource bodies/postConfirmation.json not found 	1687372265169
USER	Select Destiny	START	1687372265169
ERROR	Post flight confirmation: Failed to build request: Resource bodies/postConfirmation.json not found 	1687372265169
USER	Select Destiny	START	1687372265169
ERROR	Post flight confirmation: Failed to build request: Resource bodies/postConfirmation.json not found 	1687372265169
ERROR	Post flight confirmation: Failed to build request: Resource bodies/postConfirmation.json not found 	1687372265169
USER	Select Destiny	START	1687372265170
USER	Select Destiny	START	1687372265170
ERROR	Post flight confirmation: Failed to build request: Resource bodies/postConfirmation.json not found 	1687372265170
ERROR	Post flight confirmation: Failed to build request: Resource bodies/postConfirmation.json not found 	1687372265170
USER	Select Destiny	START	1687372265170
USER	Select Destiny	START	1687372265170
USER	Select Destiny	START	1687372265171
ERROR	Post flight confirmation: Failed to build request: Resource bodies/postConfirmation.json not found 	1687372265171
ERROR	Post flight confirmation: Failed to build request: Resource bodies/postConfirmation.json not found 	1687372265171
ERROR	Post flight confirmation: Failed to build request: Resource bodies/postConfirmation.json not found 	1687372265171
USER	Select Destiny	START	1687372265172
USER	Select Destiny	START	1687372265172
USER	Select Destiny	START	1687372265172
ERROR	Post flight confirmation: Failed to build request: Resource bodies/postConfirmation.json not found 	1687372265172
ERROR	Post flight confirmation: Failed to build request: Resource bodies/postConfirmation.json not found 	1687372265172
USER	Select Destiny	START	1687372265172
ERROR	Post flight confirmation: Failed to build request: Resource bodies/postConfirmation.json not found 	1687372265172
USER	Select Destiny	START	1687372265173
ERROR	Post flight confirmation: Failed to build request: Resource bodies/postConfirmation.json not found 	1687372265173
USER	Select Destiny	START	1687372265173
ERROR	Post flight confirmation: Failed to build request: Resource bodies/postConfirmation.json not found 	1687372265173
ERROR	Post flight confirmation: Failed to build request: Resource bodies/postConfirmation.json not found 	1687372265173
USER	Select Destiny	START	1687372265173
USER	Select Destiny	END	1687372265173
USER	Select Destiny	END	1687372265174
ERROR	Post flight confirmation: Failed to build request: Resource bodies/postConfirmation.json not found 	1687372265174
USER	Select Destiny	END	1687372265174
USER	Select Destiny	START	1687372265174
USER	Select Destiny	END	1687372265174
ERROR	Post flight confirmation: Failed to build request: Resource bodies/postConfirmation.json not found 	1687372265174
USER	Select Destiny	END	1687372265174
USER	Select Destiny	END	1687372265175
USER	Select Destiny	START	1687372265175
USER	Select Destiny	END	1687372265175
ERROR	Post flight confirmation: Failed to build request: Resource bodies/postConfirmation.json not found 	1687372265175
USER	Select Destiny	END	1687372265175
USER	Select Destiny	END	1687372265175
ERROR	Post flight confirmation: Failed to build request: Resource bodies/postConfirmation.json not found 	1687372265175
USER	Select Destiny	START	1687372265175
USER	Select Destiny	END	1687372265175
USER	Select Destiny	END	1687372265176
ERROR	Post flight confirmation: Failed to build request: Resource bodies/postConfirmation.json not found 	1687372265176
USER	Select Destiny	END	1687372265176
USER	Select Destiny	START	1687372265176
USER	Select Destiny	START	1687372265176
ERROR	Post flight confirmation: Failed to build request: Resource bodies/postConfirmation.json not found 	1687372265176
USER	Select Destiny	START	1687372265177
USER	Select Destiny	START	1687372265177
ERROR	Post flight confirmation: Failed to build request: Resource bodies/postConfirmation.json not found 	1687372265177
ERROR	Post flight confirmation: Failed to build request: Resource bodies/postConfirmation.json not found 	1687372265177
ERROR	Post flight confirmation: Failed to build request: Resource bodies/postConfirmation.json not found 	1687372265177
USER	Select Destiny	START	1687372265177
USER	Select Destiny	START	1687372265177
USER	Select Destiny	START	1687372265178
ERROR	Post flight confirmation: Failed to build request: Resource bodies/postConfirmation.json not found 	1687372265178
ERROR	Post flight confirmation: Failed to build request: Resource bodies/postConfirmation.json not found 	1687372265178
ERROR	Post flight confirmation: Failed to build request: Resource bodies/postConfirmation.json not found 	1687372265178
USER	Select Destiny	START	1687372265178
ERROR	Post flight confirmation: Failed to build request: Resource bodies/postConfirmation.json not found 	1687372265179
USER	Select Destiny	START	1687372265179
ERROR	Post flight confirmation: Failed to build request: Resource bodies/postConfirmation.json not found 	1687372265179
USER	Select Destiny	START	1687372265180
ERROR	Post flight confirmation: Failed to build request: Resource bodies/postConfirmation.json not found 	1687372265180
USER	Select Destiny	START	1687372265180
ERROR	Post flight confirmation: Failed to build request: Resource bodies/postConfirmation.json not found 	1687372265181
USER	Select Destiny	START	1687372265181
ERROR	Post flight confirmation: Failed to build request: Resource bodies/postConfirmation.json not found 	1687372265182
USER	Select Destiny	START	1687372265182
ERROR	Post flight confirmation: Failed to build request: Resource bodies/postConfirmation.json not found 	1687372265182
USER	Select Destiny	START	1687372265183
ERROR	Post flight confirmation: Failed to build request: Resource bodies/postConfirmation.json not found 	1687372265183
USER	Select Destiny	START	1687372265183
ERROR	Post flight confirmation: Failed to build request: Resource bodies/postConfirmation.json not found 	1687372265184
USER	Select Destiny	START	1687372265184
USER	Select Destiny	START	1687372265184
USER	Select Destiny	START	1687372265184
ERROR	Post flight confirmation: Failed to build request: Resource bodies/postConfirmation.json not found 	1687372265184
USER	Select Destiny	START	1687372265185
ERROR	Post flight confirmation: Failed to build request: Resource bodies/postConfirmation.json not found 	1687372265185
USER	Select Destiny	START	1687372265185
ERROR	Post flight confirmation: Failed to build request: Resource bodies/postConfirmation.json not found 	1687372265185
ERROR	Post flight confirmation: Failed to build request: Resource bodies/postConfirmation.json not found 	1687372265185
USER	Select Destiny	START	1687372265185
USER	Select Destiny	START	1687372265185
USER	Select Destiny	START	1687372265185
ERROR	Post flight confirmation: Failed to build request: Resource bodies/postConfirmation.json not found 	1687372265186
ERROR	Post flight confirmation: Failed to build request: Resource bodies/postConfirmation.json not found 	1687372265186
USER	Select Destiny	START	1687372265186
ERROR	Post flight confirmation: Failed to build request: Resource bodies/postConfirmation.json not found 	1687372265186
USER	Select Destiny	START	1687372265186
ERROR	Post flight confirmation: Failed to build request: Resource bodies/postConfirmation.json not found 	1687372265186
ERROR	Post flight confirmation: Failed to build request: Resource bodies/postConfirmation.json not found 	1687372265186
USER	Select Destiny	START	1687372265186
USER	Select Destiny	START	1687372265186
USER	Select Destiny	START	1687372265186
ERROR	Post flight confirmation: Failed to build request: Resource bodies/postConfirmation.json not found 	1687372265186
ERROR	Post flight confirmation: Failed to build request: Resource bodies/postConfirmation.json not found 	1687372265187
USER	Select Destiny	START	1687372265187
ERROR	Post flight confirmation: Failed to build request: Resource bodies/postConfirmation.json not found 	1687372265187
USER	Select Destiny	START	1687372265187
ERROR	Post flight confirmation: Failed to build request: Resource bodies/postConfirmation.json not found 	1687372265187
USER	Select Destiny	START	1687372265187
ERROR	Post flight confirmation: Failed to build request: Resource bodies/postConfirmation.json not found 	1687372265187
ERROR	Post flight confirmation: Failed to build request: Resource bodies/postConfirmation.json not found 	1687372265187
USER	Select Destiny	START	1687372265187
USER	Select Destiny	START	1687372265187
USER	Select Destiny	START	1687372265188
USER	Select Destiny	START	1687372265188
ERROR	Post flight confirmation: Failed to build request: Resource bodies/postConfirmation.json not found 	1687372265188
USER	Select Destiny	START	1687372265188
ERROR	Post flight confirmation: Failed to build request: Resource bodies/postConfirmation.json not found 	1687372265188
USER	Select Destiny	START	1687372265189
ERROR	Post flight confirmation: Failed to build request: Resource bodies/postConfirmation.json not found 	1687372265189
ERROR	Post flight confirmation: Failed to build request: Resource bodies/postConfirmation.json not found 	1687372265189
USER	Select Destiny	START	1687372265189
ERROR	Post flight confirmation: Failed to build request: Resource bodies/postConfirmation.json not found 	1687372265189
USER	Select Destiny	START	1687372265189
USER	Select Destiny	START	1687372265189
ERROR	Post flight confirmation: Failed to build request: Resource bodies/postConfirmation.json not found 	1687372265190
USER	Select Destiny	START	1687372265190
USER	Select Destiny	START	1687372265190
ERROR	Post flight confirmation: Failed to build request: Resource bodies/postConfirmation.json not found 	1687372265190
ERROR	Post flight confirmation: Failed to build request: Resource bodies/postConfirmation.json not found 	1687372265190
USER	Select Destiny	START	1687372265190
USER	Select Destiny	START	1687372265190
ERROR	Post flight confirmation: Failed to build request: Resource bodies/postConfirmation.json not found 	1687372265191
ERROR	Post flight confirmation: Failed to build request: Resource bodies/postConfirmation.json not found 	1687372265191
USER	Select Destiny	START	1687372265191
ERROR	Post flight confirmation: Failed to build request: Resource bodies/postConfirmation.json not found 	1687372265191
USER	Select Destiny	START	1687372265191
USER	Select Destiny	START	1687372265191
ERROR	Post flight confirmation: Failed to build request: Resource bodies/postConfirmation.json not found 	1687372265191
ERROR	Post flight confirmation: Failed to build request: Resource bodies/postConfirmation.json not found 	1687372265191
ERROR	Post flight confirmation: Failed to build request: Resource bodies/postConfirmation.json not found 	1687372265191
USER	Select Destiny	START	1687372265192
USER	Select Destiny	START	1687372265192
ERROR	Post flight confirmation: Failed to build request: Resource bodies/postConfirmation.json not found 	1687372265192
ERROR	Post flight confirmation: Failed to build request: Resource bodies/postConfirmation.json not found 	1687372265192
USER	Select Destiny	START	1687372265192
ERROR	Post flight confirmation: Failed to build request: Resource bodies/postConfirmation.json not found 	1687372265192
USER	Select Destiny	START	1687372265192
USER	Select Destiny	START	1687372265193
ERROR	Post flight confirmation: Failed to build request: Resource bodies/postConfirmation.json not found 	1687372265193
ERROR	Post flight confirmation: Failed to build request: Resource bodies/postConfirmation.json not found 	1687372265193
USER	Select Destiny	START	1687372265193
USER	Select Destiny	START	1687372265193
ERROR	Post flight confirmation: Failed to build request: Resource bodies/postConfirmation.json not found 	1687372265193
ERROR	Post flight confirmation: Failed to build request: Resource bodies/postConfirmation.json not found 	1687372265193
ERROR	Post flight confirmation: Failed to build request: Resource bodies/postConfirmation.json not found 	1687372265193
USER	Select Destiny	START	1687372265193
USER	Select Destiny	START	1687372265193
USER	Select Destiny	START	1687372265193
ERROR	Post flight confirmation: Failed to build request: Resource bodies/postConfirmation.json not found 	1687372265193
ERROR	Post flight confirmation: Failed to build request: Resource bodies/postConfirmation.json not found 	1687372265194
USER	Select Destiny	START	1687372265194
ERROR	Post flight confirmation: Failed to build request: Resource bodies/postConfirmation.json not found 	1687372265194
ERROR	Post flight confirmation: Failed to build request: Resource bodies/postConfirmation.json not found 	1687372265194
USER	Select Destiny	START	1687372265194
USER	Select Destiny	START	1687372265194
ERROR	Post flight confirmation: Failed to build request: Resource bodies/postConfirmation.json not found 	1687372265194
USER	Select Destiny	START	1687372265194
ERROR	Post flight confirmation: Failed to build request: Resource bodies/postConfirmation.json not found 	1687372265194
USER	Select Destiny	START	1687372265194
USER	Select Destiny	END	1687372265194
USER	Select Destiny	START	1687372265194
USER	Select Destiny	START	1687372265194
USER	Select Destiny	END	1687372265194
ERROR	Post flight confirmation: Failed to build request: Resource bodies/postConfirmation.json not found 	1687372265194
ERROR	Post flight confirmation: Failed to build request: Resource bodies/postConfirmation.json not found 	1687372265194
USER	Select Destiny	END	1687372265194
ERROR	Post flight confirmation: Failed to build request: Resource bodies/postConfirmation.json not found 	1687372265194
USER	Select Destiny	END	1687372265195
USER	Select Destiny	START	1687372265195
USER	Select Destiny	END	1687372265195
USER	Select Destiny	START	1687372265195
USER	Select Destiny	END	1687372265195
ERROR	Post flight confirmation: Failed to build request: Resource bodies/postConfirmation.json not found 	1687372265195
ERROR	Post flight confirmation: Failed to build request: Resource bodies/postConfirmation.json not found 	1687372265195
USER	Select Destiny	END	1687372265195
USER	Select Destiny	END	1687372265195
USER	Select Destiny	END	1687372265195
USER	Select Destiny	END	1687372265195
USER	Select Destiny	END	1687372265195
USER	Select Destiny	END	1687372265195
USER	Select Destiny	END	1687372265195
USER	Select Destiny	END	1687372265196
USER	Select Destiny	END	1687372265196
USER	Select Destiny	END	1687372265196
USER	Select Destiny	END	1687372265196
USER	Select Destiny	END	1687372265196
USER	Select Destiny	END	1687372265196
USER	Select Destiny	END	1687372265196
USER	Select Destiny	END	1687372265196
USER	Select Destiny	END	1687372265196
USER	Select Destiny	END	1687372265196
USER	Select Destiny	END	1687372265196
USER	Select Destiny	END	1687372265196
USER	Select Destiny	END	1687372265196
USER	Select Destiny	END	1687372265197
USER	Select Destiny	END	1687372265197
USER	Select Destiny	END	1687372265197
USER	Select Destiny	END	1687372265197
USER	Select Destiny	END	1687372265197
USER	Select Destiny	END	1687372265197
USER	Select Destiny	END	1687372265197
USER	Select Destiny	END	1687372265197
USER	Select Destiny	END	1687372265197
USER	Select Destiny	END	1687372265198
USER	Select Destiny	END	1687372265198
USER	Select Destiny	END	1687372265198
USER	Select Destiny	END	1687372265198
USER	Select Destiny	END	1687372265198
USER	Select Destiny	END	1687372265198
USER	Select Destiny	END	1687372265198
USER	Select Destiny	END	1687372265198
USER	Select Destiny	START	1687372265199
USER	Select Destiny	START	1687372265199
USER	Select Destiny	START	1687372265199
ERROR	Post flight confirmation: Failed to build request: Resource bodies/postConfirmation.json not found 	1687372265199
ERROR	Post flight confirmation: Failed to build request: Resource bodies/postConfirmation.json not found 	1687372265199
ERROR	Post flight confirmation: Failed to build request: Resource bodies/postConfirmation.json not found 	1687372265199
USER	Select Destiny	START	1687372265199
USER	Select Destiny	START	1687372265199
ERROR	Post flight confirmation: Failed to build request: Resource bodies/postConfirmation.json not found 	1687372265200
ERROR	Post flight confirmation: Failed to build request: Resource bodies/postConfirmation.json not found 	1687372265200
USER	Select Destiny	START	1687372265200
USER	Select Destiny	START	1687372265200
USER	Select Destiny	START	1687372265200
ERROR	Post flight confirmation: Failed to build request: Resource bodies/postConfirmation.json not found 	1687372265200
ERROR	Post flight confirmation: Failed to build request: Resource bodies/postConfirmation.json not found 	1687372265200
USER	Select Destiny	START	1687372265200
USER	Select Destiny	START	1687372265200
ERROR	Post flight confirmation: Failed to build request: Resource bodies/postConfirmation.json not found 	1687372265200
ERROR	Post flight confirmation: Failed to build request: Resource bodies/postConfirmation.json not found 	1687372265200
USER	Select Destiny	START	1687372265200
ERROR	Post flight confirmation: Failed to build request: Resource bodies/postConfirmation.json not found 	1687372265201
USER	Select Destiny	START	1687372265201
ERROR	Post flight confirmation: Failed to build request: Resource bodies/postConfirmation.json not found 	1687372265201
USER	Select Destiny	START	1687372265201
ERROR	Post flight confirmation: Failed to build request: Resource bodies/postConfirmation.json not found 	1687372265201
USER	Select Destiny	START	1687372265201
ERROR	Post flight confirmation: Failed to build request: Resource bodies/postConfirmation.json not found 	1687372265201
USER	Select Destiny	START	1687372265201
USER	Select Destiny	START	1687372265201
ERROR	Post flight confirmation: Failed to build request: Resource bodies/postConfirmation.json not found 	1687372265201
ERROR	Post flight confirmation: Failed to build request: Resource bodies/postConfirmation.json not found 	1687372265202
USER	Select Destiny	START	1687372265202
USER	Select Destiny	START	1687372265202
ERROR	Post flight confirmation: Failed to build request: Resource bodies/postConfirmation.json not found 	1687372265202
ERROR	Post flight confirmation: Failed to build request: Resource bodies/postConfirmation.json not found 	1687372265202
USER	Select Destiny	START	1687372265202
ERROR	Post flight confirmation: Failed to build request: Resource bodies/postConfirmation.json not found 	1687372265202
USER	Select Destiny	START	1687372265202
USER	Select Destiny	START	1687372265202
ERROR	Post flight confirmation: Failed to build request: Resource bodies/postConfirmation.json not found 	1687372265202
ERROR	Post flight confirmation: Failed to build request: Resource bodies/postConfirmation.json not found 	1687372265202
USER	Select Destiny	START	1687372265203
USER	Select Destiny	START	1687372265203
ERROR	Post flight confirmation: Failed to build request: Resource bodies/postConfirmation.json not found 	1687372265203
ERROR	Post flight confirmation: Failed to build request: Resource bodies/postConfirmation.json not found 	1687372265203
USER	Select Destiny	START	1687372265203
ERROR	Post flight confirmation: Failed to build request: Resource bodies/postConfirmation.json not found 	1687372265204
USER	Select Destiny	START	1687372265204
USER	Select Destiny	START	1687372265205
ERROR	Post flight confirmation: Failed to build request: Resource bodies/postConfirmation.json not found 	1687372265205
USER	Select Destiny	START	1687372265205
ERROR	Post flight confirmation: Failed to build request: Resource bodies/postConfirmation.json not found 	1687372265206
USER	Select Destiny	START	1687372265206
ERROR	Post flight confirmation: Failed to build request: Resource bodies/postConfirmation.json not found 	1687372265206
USER	Select Destiny	START	1687372265207
ERROR	Post flight confirmation: Failed to build request: Resource bodies/postConfirmation.json not found 	1687372265207
USER	Select Destiny	START	1687372265207
ERROR	Post flight confirmation: Failed to build request: Resource bodies/postConfirmation.json not found 	1687372265207
USER	Select Destiny	START	1687372265207
ERROR	Post flight confirmation: Failed to build request: Resource bodies/postConfirmation.json not found 	1687372265208
USER	Select Destiny	START	1687372265208
ERROR	Post flight confirmation: Failed to build request: Resource bodies/postConfirmation.json not found 	1687372265208
USER	Select Destiny	START	1687372265208
ERROR	Post flight confirmation: Failed to build request: Resource bodies/postConfirmation.json not found 	1687372265209
USER	Select Destiny	START	1687372265209
ERROR	Post flight confirmation: Failed to build request: Resource bodies/postConfirmation.json not found 	1687372265209
USER	Select Destiny	START	1687372265209
ERROR	Post flight confirmation: Failed to build request: Resource bodies/postConfirmation.json not found 	1687372265209
USER	Select Destiny	START	1687372265210
ERROR	Post flight confirmation: Failed to build request: Resource bodies/postConfirmation.json not found 	1687372265210
USER	Select Destiny	START	1687372265210
ERROR	Post flight confirmation: Failed to build request: Resource bodies/postConfirmation.json not found 	1687372265210
USER	Select Destiny	START	1687372265210
ERROR	Post flight confirmation: Failed to build request: Resource bodies/postConfirmation.json not found 	1687372265211
USER	Select Destiny	START	1687372265211
ERROR	Post flight confirmation: Failed to build request: Resource bodies/postConfirmation.json not found 	1687372265211
USER	Select Destiny	START	1687372265211
ERROR	Post flight confirmation: Failed to build request: Resource bodies/postConfirmation.json not found 	1687372265211
USER	Select Destiny	START	1687372265212
USER	Select Destiny	START	1687372265212
USER	Select Destiny	START	1687372265212
USER	Select Destiny	START	1687372265212
ERROR	Post flight confirmation: Failed to build request: Resource bodies/postConfirmation.json not found 	1687372265212
ERROR	Post flight confirmation: Failed to build request: Resource bodies/postConfirmation.json not found 	1687372265212
ERROR	Post flight confirmation: Failed to build request: Resource bodies/postConfirmation.json not found 	1687372265212
USER	Select Destiny	START	1687372265212
USER	Select Destiny	START	1687372265212
ERROR	Post flight confirmation: Failed to build request: Resource bodies/postConfirmation.json not found 	1687372265212
ERROR	Post flight confirmation: Failed to build request: Resource bodies/postConfirmation.json not found 	1687372265212
USER	Select Destiny	START	1687372265212
USER	Select Destiny	START	1687372265213
ERROR	Post flight confirmation: Failed to build request: Resource bodies/postConfirmation.json not found 	1687372265213
ERROR	Post flight confirmation: Failed to build request: Resource bodies/postConfirmation.json not found 	1687372265213
USER	Select Destiny	START	1687372265213
ERROR	Post flight confirmation: Failed to build request: Resource bodies/postConfirmation.json not found 	1687372265213
USER	Select Destiny	START	1687372265213
ERROR	Post flight confirmation: Failed to build request: Resource bodies/postConfirmation.json not found 	1687372265213
USER	Select Destiny	START	1687372265214
ERROR	Post flight confirmation: Failed to build request: Resource bodies/postConfirmation.json not found 	1687372265214
USER	Select Destiny	START	1687372265214
ERROR	Post flight confirmation: Failed to build request: Resource bodies/postConfirmation.json not found 	1687372265214
USER	Select Destiny	START	1687372265214
ERROR	Post flight confirmation: Failed to build request: Resource bodies/postConfirmation.json not found 	1687372265215
USER	Select Destiny	START	1687372265215
ERROR	Post flight confirmation: Failed to build request: Resource bodies/postConfirmation.json not found 	1687372265215
USER	Select Destiny	START	1687372265215
ERROR	Post flight confirmation: Failed to build request: Resource bodies/postConfirmation.json not found 	1687372265215
USER	Select Destiny	START	1687372265216
USER	Select Destiny	START	1687372265216
USER	Select Destiny	END	1687372265216
USER	Select Destiny	END	1687372265216
USER	Select Destiny	END	1687372265217
USER	Select Destiny	END	1687372265217
USER	Select Destiny	END	1687372265217
USER	Select Destiny	START	1687372265218
ERROR	Post flight confirmation: Failed to build request: Resource bodies/postConfirmation.json not found 	1687372265218
ERROR	Post flight confirmation: Failed to build request: Resource bodies/postConfirmation.json not found 	1687372265218
USER	Select Destiny	START	1687372265218
USER	Select Destiny	END	1687372265218
ERROR	Post flight confirmation: Failed to build request: Resource bodies/postConfirmation.json not found 	1687372265218
USER	Select Destiny	END	1687372265218
USER	Select Destiny	START	1687372265218
ERROR	Post flight confirmation: Failed to build request: Resource bodies/postConfirmation.json not found 	1687372265219
USER	Select Destiny	START	1687372265219
USER	Select Destiny	START	1687372265219
USER	Select Destiny	START	1687372265219
ERROR	Post flight confirmation: Failed to build request: Resource bodies/postConfirmation.json not found 	1687372265219
ERROR	Post flight confirmation: Failed to build request: Resource bodies/postConfirmation.json not found 	1687372265219
USER	Select Destiny	START	1687372265219
USER	Select Destiny	START	1687372265219
ERROR	Post flight confirmation: Failed to build request: Resource bodies/postConfirmation.json not found 	1687372265219
ERROR	Post flight confirmation: Failed to build request: Resource bodies/postConfirmation.json not found 	1687372265219
USER	Select Destiny	START	1687372265219
ERROR	Post flight confirmation: Failed to build request: Resource bodies/postConfirmation.json not found 	1687372265220
USER	Select Destiny	START	1687372265220
USER	Select Destiny	START	1687372265220
ERROR	Post flight confirmation: Failed to build request: Resource bodies/postConfirmation.json not found 	1687372265220
ERROR	Post flight confirmation: Failed to build request: Resource bodies/postConfirmation.json not found 	1687372265220
USER	Select Destiny	START	1687372265220
USER	Select Destiny	START	1687372265221
ERROR	Post flight confirmation: Failed to build request: Resource bodies/postConfirmation.json not found 	1687372265221
USER	Select Destiny	START	1687372265221
ERROR	Post flight confirmation: Failed to build request: Resource bodies/postConfirmation.json not found 	1687372265221
USER	Select Destiny	START	1687372265221
ERROR	Post flight confirmation: Failed to build request: Resource bodies/postConfirmation.json not found 	1687372265222
USER	Select Destiny	START	1687372265222
ERROR	Post flight confirmation: Failed to build request: Resource bodies/postConfirmation.json not found 	1687372265222
USER	Select Destiny	START	1687372265222
ERROR	Post flight confirmation: Failed to build request: Resource bodies/postConfirmation.json not found 	1687372265222
USER	Select Destiny	START	1687372265222
ERROR	Post flight confirmation: Failed to build request: Resource bodies/postConfirmation.json not found 	1687372265223
USER	Select Destiny	START	1687372265223
USER	Select Destiny	START	1687372265223
USER	Select Destiny	START	1687372265223
ERROR	Post flight confirmation: Failed to build request: Resource bodies/postConfirmation.json not found 	1687372265224
ERROR	Post flight confirmation: Failed to build request: Resource bodies/postConfirmation.json not found 	1687372265224
USER	Select Destiny	START	1687372265224
USER	Select Destiny	START	1687372265224
ERROR	Post flight confirmation: Failed to build request: Resource bodies/postConfirmation.json not found 	1687372265224
ERROR	Post flight confirmation: Failed to build request: Resource bodies/postConfirmation.json not found 	1687372265224
USER	Select Destiny	START	1687372265224
USER	Select Destiny	START	1687372265224
USER	Select Destiny	START	1687372265224
USER	Select Destiny	START	1687372265224
ERROR	Post flight confirmation: Failed to build request: Resource bodies/postConfirmation.json not found 	1687372265224
ERROR	Post flight confirmation: Failed to build request: Resource bodies/postConfirmation.json not found 	1687372265224
ERROR	Post flight confirmation: Failed to build request: Resource bodies/postConfirmation.json not found 	1687372265224
USER	Select Destiny	START	1687372265225
USER	Select Destiny	START	1687372265225
ERROR	Post flight confirmation: Failed to build request: Resource bodies/postConfirmation.json not found 	1687372265225
ERROR	Post flight confirmation: Failed to build request: Resource bodies/postConfirmation.json not found 	1687372265225
USER	Select Destiny	START	1687372265225
USER	Select Destiny	START	1687372265225
ERROR	Post flight confirmation: Failed to build request: Resource bodies/postConfirmation.json not found 	1687372265225
ERROR	Post flight confirmation: Failed to build request: Resource bodies/postConfirmation.json not found 	1687372265225
USER	Select Destiny	START	1687372265225
USER	Select Destiny	START	1687372265225
USER	Select Destiny	START	1687372265225
ERROR	Post flight confirmation: Failed to build request: Resource bodies/postConfirmation.json not found 	1687372265225
ERROR	Post flight confirmation: Failed to build request: Resource bodies/postConfirmation.json not found 	1687372265225
ERROR	Post flight confirmation: Failed to build request: Resource bodies/postConfirmation.json not found 	1687372265225
USER	Select Destiny	START	1687372265226
USER	Select Destiny	START	1687372265226
USER	Select Destiny	START	1687372265226
ERROR	Post flight confirmation: Failed to build request: Resource bodies/postConfirmation.json not found 	1687372265226
ERROR	Post flight confirmation: Failed to build request: Resource bodies/postConfirmation.json not found 	1687372265226
ERROR	Post flight confirmation: Failed to build request: Resource bodies/postConfirmation.json not found 	1687372265226
USER	Select Destiny	END	1687372265218
USER	Select Destiny	END	1687372265226
USER	Select Destiny	START	1687372265226
USER	Select Destiny	START	1687372265226
USER	Select Destiny	END	1687372265226
ERROR	Post flight confirmation: Failed to build request: Resource bodies/postConfirmation.json not found 	1687372265226
ERROR	Post flight confirmation: Failed to build request: Resource bodies/postConfirmation.json not found 	1687372265226
USER	Select Destiny	END	1687372265226
USER	Select Destiny	END	1687372265226
USER	Select Destiny	START	1687372265226
USER	Select Destiny	START	1687372265226
USER	Select Destiny	END	1687372265226
USER	Select Destiny	END	1687372265226
ERROR	Post flight confirmation: Failed to build request: Resource bodies/postConfirmation.json not found 	1687372265226
USER	Select Destiny	START	1687372265226
USER	Select Destiny	END	1687372265226
USER	Select Destiny	END	1687372265226
ERROR	Post flight confirmation: Failed to build request: Resource bodies/postConfirmation.json not found 	1687372265227
USER	Select Destiny	END	1687372265227
USER	Select Destiny	START	1687372265227
USER	Select Destiny	END	1687372265227
USER	Select Destiny	END	1687372265227
ERROR	Post flight confirmation: Failed to build request: Resource bodies/postConfirmation.json not found 	1687372265227
USER	Select Destiny	END	1687372265227
USER	Select Destiny	START	1687372265227
USER	Select Destiny	END	1687372265227
USER	Select Destiny	END	1687372265227
ERROR	Post flight confirmation: Failed to build request: Resource bodies/postConfirmation.json not found 	1687372265227
USER	Select Destiny	START	1687372265227
USER	Select Destiny	START	1687372265227
ERROR	Post flight confirmation: Failed to build request: Resource bodies/postConfirmation.json not found 	1687372265227
ERROR	Post flight confirmation: Failed to build request: Resource bodies/postConfirmation.json not found 	1687372265227
USER	Select Destiny	START	1687372265227
USER	Select Destiny	START	1687372265227
ERROR	Post flight confirmation: Failed to build request: Resource bodies/postConfirmation.json not found 	1687372265227
ERROR	Post flight confirmation: Failed to build request: Resource bodies/postConfirmation.json not found 	1687372265228
USER	Select Destiny	START	1687372265228
USER	Select Destiny	START	1687372265228
ERROR	Post flight confirmation: Failed to build request: Resource bodies/postConfirmation.json not found 	1687372265228
ERROR	Post flight confirmation: Failed to build request: Resource bodies/postConfirmation.json not found 	1687372265228
USER	Select Destiny	START	1687372265228
ERROR	Post flight confirmation: Failed to build request: Resource bodies/postConfirmation.json not found 	1687372265228
USER	Select Destiny	END	1687372265228
USER	Select Destiny	START	1687372265228
USER	Select Destiny	START	1687372265228
USER	Select Destiny	END	1687372265228
USER	Select Destiny	END	1687372265228
ERROR	Post flight confirmation: Failed to build request: Resource bodies/postConfirmation.json not found 	1687372265228
ERROR	Post flight confirmation: Failed to build request: Resource bodies/postConfirmation.json not found 	1687372265228
USER	Select Destiny	END	1687372265229
USER	Select Destiny	END	1687372265229
USER	Select Destiny	START	1687372265229
USER	Select Destiny	START	1687372265229
USER	Select Destiny	END	1687372265229
USER	Select Destiny	END	1687372265229
ERROR	Post flight confirmation: Failed to build request: Resource bodies/postConfirmation.json not found 	1687372265229
USER	Select Destiny	END	1687372265229
USER	Select Destiny	START	1687372265229
USER	Select Destiny	END	1687372265229
USER	Select Destiny	END	1687372265229
ERROR	Post flight confirmation: Failed to build request: Resource bodies/postConfirmation.json not found 	1687372265229
USER	Select Destiny	END	1687372265229
USER	Select Destiny	END	1687372265229
USER	Select Destiny	END	1687372265229
USER	Select Destiny	END	1687372265229
USER	Select Destiny	END	1687372265229
USER	Select Destiny	END	1687372265230
USER	Select Destiny	END	1687372265230
USER	Select Destiny	END	1687372265230
USER	Select Destiny	END	1687372265230
USER	Select Destiny	END	1687372265230
USER	Select Destiny	START	1687372265230
USER	Select Destiny	END	1687372265230
USER	Select Destiny	END	1687372265230
ERROR	Post flight confirmation: Failed to build request: Resource bodies/postConfirmation.json not found 	1687372265230
USER	Select Destiny	START	1687372265230
ERROR	Post flight confirmation: Failed to build request: Resource bodies/postConfirmation.json not found 	1687372265231
USER	Select Destiny	START	1687372265231
ERROR	Post flight confirmation: Failed to build request: Resource bodies/postConfirmation.json not found 	1687372265231
USER	Select Destiny	START	1687372265231
ERROR	Post flight confirmation: Failed to build request: Resource bodies/postConfirmation.json not found 	1687372265231
USER	Select Destiny	START	1687372265231
USER	Select Destiny	START	1687372265232
USER	Select Destiny	END	1687372265232
USER	Select Destiny	END	1687372265232
ERROR	Post flight confirmation: Failed to build request: Resource bodies/postConfirmation.json not found 	1687372265232
USER	Select Destiny	START	1687372265232
USER	Select Destiny	START	1687372265232
USER	Select Destiny	END	1687372265232
USER	Select Destiny	END	1687372265232
USER	Select Destiny	END	1687372265232
ERROR	Post flight confirmation: Failed to build request: Resource bodies/postConfirmation.json not found 	1687372265232
USER	Select Destiny	END	1687372265232
USER	Select Destiny	END	1687372265232
USER	Select Destiny	START	1687372265232
USER	Select Destiny	END	1687372265232
USER	Select Destiny	END	1687372265233
USER	Select Destiny	END	1687372265233
USER	Select Destiny	END	1687372265233
USER	Select Destiny	END	1687372265233
USER	Select Destiny	END	1687372265233
USER	Select Destiny	END	1687372265233
USER	Select Destiny	END	1687372265233
USER	Select Destiny	END	1687372265233
USER	Select Destiny	END	1687372265234
USER	Select Destiny	END	1687372265234
USER	Select Destiny	END	1687372265234
USER	Select Destiny	END	1687372265234
USER	Select Destiny	END	1687372265234
USER	Select Destiny	END	1687372265234
USER	Select Destiny	END	1687372265234
USER	Select Destiny	END	1687372265234
USER	Select Destiny	END	1687372265234
USER	Select Destiny	END	1687372265234
USER	Select Destiny	END	1687372265234
USER	Select Destiny	END	1687372265234
USER	Select Destiny	END	1687372265235
USER	Select Destiny	END	1687372265235
USER	Select Destiny	END	1687372265235
USER	Select Destiny	END	1687372265235
USER	Select Destiny	END	1687372265235
USER	Select Destiny	END	1687372265235
USER	Select Destiny	END	1687372265235
USER	Select Destiny	END	1687372265235
USER	Select Destiny	END	1687372265235
USER	Select Destiny	END	1687372265235
USER	Select Destiny	END	1687372265235
USER	Select Destiny	END	1687372265236
USER	Select Destiny	END	1687372265236
USER	Select Destiny	END	1687372265236
USER	Select Destiny	END	1687372265236
USER	Select Destiny	END	1687372265236
USER	Select Destiny	END	1687372265236
USER	Select Destiny	END	1687372265236
USER	Select Destiny	END	1687372265236
USER	Select Destiny	END	1687372265236
USER	Select Destiny	END	1687372265236
USER	Select Destiny	END	1687372265236
USER	Select Destiny	END	1687372265236
USER	Select Destiny	END	1687372265237
USER	Select Destiny	END	1687372265237
USER	Select Destiny	END	1687372265252
USER	Select Destiny	END	1687372265252
USER	Select Destiny	END	1687372265252
USER	Select Destiny	END	1687372265252
USER	Select Destiny	END	1687372265252
USER	Select Destiny	END	1687372265252
USER	Select Destiny	END	1687372265252
USER	Select Destiny	END	1687372265252
USER	Select Destiny	END	1687372265252
USER	Select Destiny	END	1687372265252
USER	Select Destiny	END	1687372265252
USER	Select Destiny	END	1687372265253
USER	Select Destiny	END	1687372265253
USER	Select Destiny	END	1687372265253
USER	Select Destiny	END	1687372265253
USER	Select Destiny	END	1687372265253
USER	Select Destiny	END	1687372265253
USER	Select Destiny	END	1687372265253
USER	Select Destiny	END	1687372265253
USER	Select Destiny	END	1687372265253
USER	Select Destiny	END	1687372265254
USER	Select Destiny	END	1687372265254
USER	Select Destiny	END	1687372265254
USER	Select Destiny	END	1687372265254
USER	Select Destiny	END	1687372265254
USER	Select Destiny	END	1687372265254
USER	Select Destiny	END	1687372265254
USER	Select Destiny	END	1687372265254
USER	Select Destiny	END	1687372265254
USER	Select Destiny	END	1687372265254
USER	Select Destiny	END	1687372265254
USER	Select Destiny	END	1687372265254
USER	Select Destiny	END	1687372265255
USER	Select Destiny	END	1687372265255
USER	Select Destiny	END	1687372265255
USER	Select Destiny	END	1687372265255
USER	Select Destiny	END	1687372265255
USER	Select Destiny	END	1687372265255
USER	Select Destiny	END	1687372265255
USER	Select Destiny	END	1687372265255
USER	Select Destiny	END	1687372265255
USER	Select Destiny	END	1687372265255
USER	Select Destiny	END	1687372265255
USER	Select Destiny	END	1687372265256
USER	Select Destiny	END	1687372265256
USER	Select Destiny	END	1687372265256
USER	Select Destiny	END	1687372265256
USER	Select Destiny	END	1687372265256
USER	Select Destiny	END	1687372265256
USER	Select Destiny	END	1687372265256
USER	Select Destiny	END	1687372265256
USER	Select Destiny	END	1687372265256
USER	Select Destiny	END	1687372265256
USER	Select Destiny	END	1687372265256
USER	Select Destiny	END	1687372265256
USER	Select Destiny	END	1687372265256
USER	Select Destiny	END	1687372265257
USER	Select Destiny	END	1687372265257
USER	Select Destiny	END	1687372265257
USER	Select Destiny	END	1687372265257
USER	Select Destiny	END	1687372265257
USER	Select Destiny	END	1687372265257
USER	Select Destiny	END	1687372265257
USER	Select Destiny	END	1687372265258
USER	Select Destiny	END	1687372265258
USER	Select Destiny	END	1687372265258
USER	Select Destiny	END	1687372265258
USER	Select Destiny	END	1687372265258
USER	Select Destiny	END	1687372265258
